<?xml version="1.0" encoding="UTF-8"?>
<testsuite name="ca.mcgill.ecse321.TreeBook.service.IntegrationTests" tests="8" skipped="0" failures="0" errors="0" timestamp="2018-03-27T01:21:51" hostname="softeng-vm" time="0.037">
  <properties/>
  <testcase name="testLogInCreateThenViewAllTrees" classname="ca.mcgill.ecse321.TreeBook.service.IntegrationTests" time="0.002"/>
  <testcase name="testRegisterThenLogin" classname="ca.mcgill.ecse321.TreeBook.service.IntegrationTests" time="0.003"/>
  <testcase name="testLoginCreateThenCutDown" classname="ca.mcgill.ecse321.TreeBook.service.IntegrationTests" time="0.002"/>
  <testcase name="testLogInThenAddTree" classname="ca.mcgill.ecse321.TreeBook.service.IntegrationTests" time="0.001"/>
  <testcase name="testLogInCreateThenViewAllTrees" classname="ca.mcgill.ecse321.TreeBook.service.IntegrationTests" time="0.003"/>
  <testcase name="testRegisterThenLogin" classname="ca.mcgill.ecse321.TreeBook.service.IntegrationTests" time="0.001"/>
  <testcase name="testLoginCreateThenCutDown" classname="ca.mcgill.ecse321.TreeBook.service.IntegrationTests" time="0.019"/>
  <testcase name="testLogInThenAddTree" classname="ca.mcgill.ecse321.TreeBook.service.IntegrationTests" time="0.002"/>
  <system-out><![CDATA[]]></system-out>
  <system-err><![CDATA[]]></system-err>
</testsuite>
