<?xml version="1.0" encoding="UTF-8"?>
<testsuite name="ca.mcgill.ecse321.TreeBook.persistence.TestPersistence" tests="2" skipped="0" failures="0" errors="0" timestamp="2018-03-27T01:21:51" hostname="softeng-vm" time="0.21">
  <properties/>
  <testcase name="test" classname="ca.mcgill.ecse321.TreeBook.persistence.TestPersistence" time="0.098"/>
  <testcase name="test" classname="ca.mcgill.ecse321.TreeBook.persistence.TestPersistence" time="0.004"/>
  <system-out><![CDATA[]]></system-out>
  <system-err><![CDATA[]]></system-err>
</testsuite>
